C:\GTEST_TUTORIAL_ANAGRAMS\ANAGRAM\ANAGRAMLIB\DEBUG\ANAGRAMLIB.DLL.EMBED.MANIFEST
C:\GTEST_TUTORIAL_ANAGRAMS\ANAGRAM\ANAGRAMLIB\DEBUG\ANAGRAMLIB.DLL.EMBED.MANIFEST.RES
C:\GTEST_TUTORIAL_ANAGRAMS\ANAGRAM\ANAGRAMLIB\DEBUG\ANAGRAMLIB.DLL.INTERMEDIATE.MANIFEST
C:\GTEST_TUTORIAL_ANAGRAMS\ANAGRAM\ANAGRAMLIB\DEBUG\ANAGRAMLIB.OBJ
C:\gtest_tutorial_anagrams\anagram\anagramLib\Debug\anagramLib.write.1.tlog
C:\gtest_tutorial_anagrams\anagram\anagramLib\Debug\anagramLib_manifest.rc
C:\gtest_tutorial_anagrams\anagram\anagramLib\Debug\cl.command.1.tlog
C:\gtest_tutorial_anagrams\anagram\anagramLib\Debug\CL.read.1.tlog
C:\gtest_tutorial_anagrams\anagram\anagramLib\Debug\CL.write.1.tlog
C:\gtest_tutorial_anagrams\anagram\anagramLib\Debug\link.command.1.tlog
C:\gtest_tutorial_anagrams\anagram\anagramLib\Debug\link.read.1.tlog
C:\gtest_tutorial_anagrams\anagram\anagramLib\Debug\link.write.1.tlog
C:\gtest_tutorial_anagrams\anagram\anagramLib\Debug\link-cvtres.read.1.tlog
C:\gtest_tutorial_anagrams\anagram\anagramLib\Debug\link-cvtres.write.1.tlog
C:\gtest_tutorial_anagrams\anagram\anagramLib\Debug\mt.command.1.tlog
C:\gtest_tutorial_anagrams\anagram\anagramLib\Debug\mt.read.1.tlog
C:\gtest_tutorial_anagrams\anagram\anagramLib\Debug\mt.write.1.tlog
C:\gtest_tutorial_anagrams\anagram\anagramLib\Debug\rc.command.1.tlog
C:\gtest_tutorial_anagrams\anagram\anagramLib\Debug\rc.read.1.tlog
C:\gtest_tutorial_anagrams\anagram\anagramLib\Debug\rc.write.1.tlog
C:\gtest_tutorial_anagrams\anagram\anagramLib\Debug\vc100.idb
C:\GTEST_TUTORIAL_ANAGRAMS\ANAGRAM\ANAGRAMLIB\DEBUG\VC100.PDB
C:\GTEST_TUTORIAL_ANAGRAMS\ANAGRAM\DEBUG\ANAGRAMLIB.DLL
C:\gtest_tutorial_anagrams\anagram\Debug\anagramLib.exp
C:\GTEST_TUTORIAL_ANAGRAMS\ANAGRAM\DEBUG\ANAGRAMLIB.ILK
C:\gtest_tutorial_anagrams\anagram\Debug\anagramLib.lib
C:\GTEST_TUTORIAL_ANAGRAMS\ANAGRAM\DEBUG\ANAGRAMLIB.PDB
