C:\GTEST_TUTORIAL_ANAGRAMS\ANAGRAM\ANAGRAMMAIN\DEBUG\ANAGRAMMAIN.EXE.EMBED.MANIFEST
C:\GTEST_TUTORIAL_ANAGRAMS\ANAGRAM\ANAGRAMMAIN\DEBUG\ANAGRAMMAIN.EXE.EMBED.MANIFEST.RES
C:\GTEST_TUTORIAL_ANAGRAMS\ANAGRAM\ANAGRAMMAIN\DEBUG\ANAGRAMMAIN.EXE.INTERMEDIATE.MANIFEST
C:\GTEST_TUTORIAL_ANAGRAMS\ANAGRAM\ANAGRAMMAIN\DEBUG\ANAGRAMMAIN.OBJ
C:\gtest_tutorial_anagrams\anagram\anagramMain\Debug\anagramMain.write.1.tlog
C:\gtest_tutorial_anagrams\anagram\anagramMain\Debug\anagramMain_manifest.rc
C:\gtest_tutorial_anagrams\anagram\anagramMain\Debug\cl.command.1.tlog
C:\gtest_tutorial_anagrams\anagram\anagramMain\Debug\CL.read.1.tlog
C:\gtest_tutorial_anagrams\anagram\anagramMain\Debug\CL.write.1.tlog
C:\gtest_tutorial_anagrams\anagram\anagramMain\Debug\link.command.1.tlog
C:\gtest_tutorial_anagrams\anagram\anagramMain\Debug\link.read.1.tlog
C:\gtest_tutorial_anagrams\anagram\anagramMain\Debug\link.write.1.tlog
C:\gtest_tutorial_anagrams\anagram\anagramMain\Debug\link-cvtres.read.1.tlog
C:\gtest_tutorial_anagrams\anagram\anagramMain\Debug\link-cvtres.write.1.tlog
C:\gtest_tutorial_anagrams\anagram\anagramMain\Debug\mt.command.1.tlog
C:\gtest_tutorial_anagrams\anagram\anagramMain\Debug\mt.read.1.tlog
C:\gtest_tutorial_anagrams\anagram\anagramMain\Debug\mt.write.1.tlog
C:\gtest_tutorial_anagrams\anagram\anagramMain\Debug\rc.command.1.tlog
C:\gtest_tutorial_anagrams\anagram\anagramMain\Debug\rc.read.1.tlog
C:\gtest_tutorial_anagrams\anagram\anagramMain\Debug\rc.write.1.tlog
C:\GTEST_TUTORIAL_ANAGRAMS\ANAGRAM\ANAGRAMMAIN\DEBUG\STDAFX.OBJ
C:\gtest_tutorial_anagrams\anagram\anagramMain\Debug\vc100.idb
C:\GTEST_TUTORIAL_ANAGRAMS\ANAGRAM\ANAGRAMMAIN\DEBUG\VC100.PDB
C:\GTEST_TUTORIAL_ANAGRAMS\ANAGRAM\DEBUG\ANAGRAMMAIN.EXE
C:\gtest_tutorial_anagrams\anagram\Debug\anagramMain.exp
C:\GTEST_TUTORIAL_ANAGRAMS\ANAGRAM\DEBUG\ANAGRAMMAIN.ILK
C:\gtest_tutorial_anagrams\anagram\Debug\anagramMain.lib
C:\GTEST_TUTORIAL_ANAGRAMS\ANAGRAM\DEBUG\ANAGRAMMAIN.PDB
